SF:lib/components/welcome_button.dart
DA:5,1
DA:16,1
DA:18,1
DA:20,1
DA:22,1
DA:23,1
DA:24,1
DA:25,1
DA:26,1
DA:30,1
DA:36,2
DA:37,1
DA:38,1
DA:39,1
DA:42,1
DA:44,1
DA:45,1
DA:47,1
DA:48,2
DA:49,1
DA:50,1
DA:51,0
DA:52,0
DA:54,0
LF:24
LH:21
end_of_record
SF:lib/models/country.dart
DA:7,1
DA:13,0
DA:14,0
DA:15,0
DA:16,0
DA:17,0
DA:19,0
DA:27,0
DA:28,0
DA:29,0
DA:30,0
DA:31,0
DA:32,0
LF:13
LH:1
end_of_record
SF:lib/providers/pairs/provider.dart
DA:5,4
DA:6,1
LF:2
LH:2
end_of_record
SF:lib/providers/pairs/repository.dart
DA:9,0
DA:11,0
DA:12,0
DA:14,0
DA:18,0
DA:19,0
DA:20,0
DA:22,0
DA:23,0
DA:25,0
DA:28,0
DA:33,3
DA:34,0
LF:13
LH:1
end_of_record
SF:lib/providers/pairs/state.dart
DA:21,1
DA:30,1
DA:39,1
DA:40,1
DA:41,1
DA:42,1
DA:43,1
DA:44,1
DA:45,1
DA:46,1
DA:50,1
DA:51,1
DA:52,1
DA:53,1
DA:56,1
DA:57,1
DA:58,1
DA:62,0
DA:63,0
DA:64,0
DA:67,0
DA:68,0
DA:69,0
DA:70,0
DA:73,1
DA:74,1
DA:77,1
DA:82,0
DA:83,0
DA:84,0
DA:85,0
DA:86,0
DA:87,0
DA:88,0
DA:89,0
DA:90,0
LF:36
LH:20
end_of_record
SF:lib/providers/scores/controller.dart
DA:12,0
DA:24,0
DA:25,0
DA:26,0
DA:27,0
DA:28,0
DA:29,0
DA:30,0
DA:31,0
DA:33,0
DA:35,0
DA:36,0
DA:39,0
DA:40,0
DA:43,0
DA:44,0
DA:47,0
DA:48,0
DA:49,0
DA:50,0
DA:51,0
DA:52,0
DA:53,0
DA:54,0
DA:55,0
DA:59,0
DA:60,0
DA:61,0
DA:62,0
DA:63,0
DA:65,0
DA:68,0
DA:73,0
DA:74,0
DA:77,0
DA:78,0
DA:81,0
DA:82,0
LF:38
LH:0
end_of_record
SF:lib/providers/scores/provider.dart
DA:5,2
DA:6,1
DA:7,0
LF:3
LH:2
end_of_record
SF:lib/providers/timer/controller.dart
DA:12,0
DA:13,0
DA:14,0
DA:16,0
DA:17,0
DA:20,0
DA:21,0
DA:24,0
DA:25,0
DA:26,0
DA:28,0
DA:29,0
DA:31,0
DA:35,0
DA:36,0
DA:37,0
DA:38,0
DA:39,0
LF:18
LH:0
end_of_record
SF:lib/providers/timer/provider.dart
DA:5,3
DA:6,0
LF:2
LH:1
end_of_record
SF:lib/services/shared_preferences_provider.dart
DA:7,0
DA:9,0
DA:10,0
DA:13,0
DA:14,0
DA:17,0
DA:18,0
DA:21,0
DA:22,0
DA:26,3
DA:27,0
DA:28,0
LF:12
LH:1
end_of_record
SF:lib/models/db/score.dart
DA:22,0
DA:30,0
DA:31,0
DA:32,0
DA:33,0
DA:34,0
DA:35,0
DA:36,0
LF:8
LH:0
end_of_record
SF:lib/models/db/score.g.dart
DA:13,0
DA:15,0
DA:16,0
DA:17,0
DA:19,0
DA:20,0
DA:21,0
DA:22,0
DA:23,0
DA:24,0
DA:28,0
DA:31,0
DA:32,0
DA:33,0
DA:34,0
DA:35,0
DA:36,0
DA:37,0
DA:38,0
DA:39,0
DA:40,0
DA:41,0
DA:44,0
DA:45,0
DA:47,0
DA:50,0
DA:51,0
DA:52,0
LF:28
LH:0
end_of_record
SF:lib/models/grid_layout.dart
DA:4,1
LF:1
LH:1
end_of_record
SF:lib/providers/pairs/controller.dart
DA:17,3
DA:18,4
DA:21,1
DA:22,3
DA:25,0
DA:26,0
DA:29,0
DA:30,0
DA:36,1
DA:38,3
DA:39,2
DA:43,1
DA:44,1
DA:46,5
DA:49,3
DA:53,1
DA:54,2
DA:55,1
DA:58,2
DA:59,1
DA:60,3
DA:65,3
DA:69,2
DA:74,1
DA:76,3
DA:77,3
DA:78,3
DA:82,4
DA:86,2
DA:87,3
DA:88,5
DA:89,3
DA:90,1
DA:94,1
DA:95,4
DA:98,6
DA:99,7
DA:100,6
DA:102,2
DA:103,0
DA:106,0
DA:109,0
DA:111,0
DA:118,0
DA:119,0
DA:122,0
DA:123,0
DA:124,0
DA:125,0
DA:126,0
DA:128,0
DA:129,0
DA:130,0
DA:131,0
DA:133,0
DA:134,0
DA:138,1
DA:139,1
DA:142,1
DA:143,3
LF:60
LH:39
end_of_record
SF:lib/services/audio_player_service.dart
DA:6,0
DA:7,0
DA:10,0
DA:11,0
DA:14,0
DA:15,0
DA:18,0
DA:19,0
DA:20,0
DA:24,0
DA:25,0
LF:11
LH:0
end_of_record
SF:lib/providers/scores/repository.dart
DA:7,0
DA:9,0
DA:16,0
DA:17,0
DA:21,0
DA:25,0
DA:29,0
DA:34,0
DA:38,0
DA:39,0
DA:40,0
DA:42,0
DA:47,0
DA:48,0
DA:49,0
LF:15
LH:0
end_of_record
SF:lib/providers/scores/state.dart
DA:5,0
DA:10,0
DA:11,0
DA:17,0
DA:22,0
DA:23,0
DA:24,0
DA:25,0
LF:8
LH:0
end_of_record
SF:lib/services/hive_db.dart
DA:7,0
DA:9,0
DA:11,0
DA:15,0
DA:16,0
DA:17,0
DA:18,0
DA:19,0
DA:22,0
DA:23,0
DA:26,0
DA:27,0
DA:30,0
DA:31,0
DA:32,0
DA:33,0
DA:37,0
DA:38,0
DA:41,0
DA:42,0
DA:45,0
DA:46,0
DA:47,0
DA:51,0
DA:52,0
LF:25
LH:0
end_of_record
SF:lib/services/firestore_service.dart
DA:7,0
DA:9,0
DA:11,0
DA:13,0
DA:17,0
DA:22,0
DA:23,0
DA:24,0
DA:25,0
DA:26,0
DA:28,0
DA:33,0
DA:34,0
LF:13
LH:0
end_of_record
SF:lib/providers/timer/state.dart
DA:4,0
DA:8,0
DA:13,0
DA:14,0
DA:15,0
DA:19,0
DA:23,0
DA:27,0
DA:28,0
DA:30,0
LF:10
LH:0
end_of_record
